-------------------------------------------------------------------------------
Test set: RunnerClass.Runner
-------------------------------------------------------------------------------
Tests run: 18, Failures: 0, Errors: 2, Skipped: 1, Time elapsed: 1.219 s <<< FAILURE! - in RunnerClass.Runner
Scenario: Free crm face.Given user is lookin up face  Time elapsed: 0.015 s  <<< ERROR!
cucumber.api.PendingException: TODO: implement me

Scenario: Free crm face  Time elapsed: 0.016 s  <<< ERROR!
cucumber.api.PendingException: TODO: implement me

